<?xml version="1.0" encoding="UTF-8"?>
<!-- Generated by org.testng.reporters.JUnitXMLReporter -->
<testsuite hostname="TNINCHD017" name="BPO Automation Test" tests="7" failures="0" timestamp="6 Aug 2019 10:34:55 GMT" time="181.308" errors="0">
  <testcase name="LogoutTextTest" time="20.14" classname="com.bpo.qa.testcases.HomePageTest"/>
  <testcase name="SupportTextTest" time="20.06" classname="com.bpo.qa.testcases.HomePageTest"/>
  <testcase name="ProfileTextTest" time="20.072" classname="com.bpo.qa.testcases.HomePageTest"/>
  <testcase name="loginPageTitleTest" time="0.029" classname="com.bpo.qa.testcases.LoginPageTest"/>
  <testcase name="validateAscentOneImageTest" time="0.051" classname="com.bpo.qa.testcases.LoginPageTest"/>
  <testcase name="loginTest" time="0.485" classname="com.bpo.qa.testcases.LoginPageTest"/>
  <testcase name="Navigate_CPRateCardScreen" time="46.559" classname="com.bpo.qa.testcases.Navigation_CostPriceRateCardTest"/>
</testsuite> <!-- BPO Automation Test -->
